<?xml version="1.0" encoding="UTF-8"?>
<!-- Generated by org.testng.reporters.JUnitReportReporter -->
<testsuite hostname="LAPTOP-Q7AL5D2T" failures="0" tests="1" name="com.sevenrmartsupermarket.tests.AdminUserTest" time="4.359" errors="0" timestamp="2024-07-25T20:13:06 IST" skipped="0">
  <testcase classname="com.sevenrmartsupermarket.tests.AdminUserTest" name="verify_AdminUserLanding" time="4.359"/>
</testsuite> <!-- com.sevenrmartsupermarket.tests.AdminUserTest -->
