<?xml version="1.0" encoding="UTF-8"?>
<!-- Generated by org.testng.reporters.JUnitReportReporter -->
<testsuite hostname="LAPTOP-Q7AL5D2T" failures="0" tests="2" name="com.sevenrmartsupermarket.tests.AdminUserTest" time="8.775" errors="0" timestamp="2024-07-23T20:39:22 IST" skipped="0">
  <testcase classname="com.sevenrmartsupermarket.tests.AdminUserTest" name="verify_Create_NewAdminUser2" time="5.572"/>
  <testcase classname="com.sevenrmartsupermarket.tests.AdminUserTest" name="verify_Create_NewAdminUser2" time="3.203"/>
</testsuite> <!-- com.sevenrmartsupermarket.tests.AdminUserTest -->
