<?xml version="1.0" encoding="UTF-8"?>
<!-- Generated by org.testng.reporters.JUnitReportReporter -->
<testsuite hostname="LAPTOP-Q7AL5D2T" failures="0" tests="6" name="sevenrmartsupermarket.tests.AdminUserTest" time="46.906" errors="0" timestamp="2024-07-16T20:50:24 IST" skipped="0">
  <testcase classname="sevenrmartsupermarket.tests.AdminUserTest" name="verify_NewAdmin_CreatePageLanding" time="5.082"/>
  <testcase classname="sevenrmartsupermarket.tests.AdminUserTest" name="verify_AdminUserLanding" time="5.371"/>
  <testcase classname="sevenrmartsupermarket.tests.AdminUserTest" name="verify_Create_NewAdminUser" time="9.134"/>
  <testcase classname="sevenrmartsupermarket.tests.AdminUserTest" name="verify_AdminUserLanding" time="11.020"/>
  <testcase classname="sevenrmartsupermarket.tests.AdminUserTest" name="verify_NewAdmin_CreatePageLanding" time="9.022"/>
  <testcase classname="sevenrmartsupermarket.tests.AdminUserTest" name="verify_Create_NewAdminUser" time="7.277"/>
</testsuite> <!-- sevenrmartsupermarket.tests.AdminUserTest -->
